train error: 117.181
test error: 126.047
Logistic Regression score: 548.124152155805
RandomForest feature importance: [  7.65536963e-03   2.22279256e-03   2.73438291e-02   7.16702316e-03
   6.56777671e-03   1.23560046e-02   5.70947675e-01   1.83405441e-02
   2.33281489e-02   1.26914006e-02   5.24451112e-03   7.93742996e-03
   4.93288094e-03   5.66244357e-03   4.88024057e-03   2.15871403e-03
   6.55386051e-03   1.58389863e-03   1.01665043e-03   7.47596381e-03
   0.00000000e+00   1.56660653e-03   5.93773465e-04   9.50713081e-03
   0.00000000e+00   1.34453710e-03   0.00000000e+00   2.83547819e-04
   0.00000000e+00   0.00000000e+00   0.00000000e+00   0.00000000e+00
   5.36322562e-04   0.00000000e+00   3.71375364e-03   2.38890738e-02
   4.61060880e-03   4.60436432e-03   2.95133471e-03   3.26616970e-03
   3.04084581e-03   3.02097624e-03   7.26143702e-04   7.79918228e-04
   5.87109862e-04   1.65359528e-01   5.99595951e-03   4.88632225e-03
   4.85975217e-03   1.78090631e-02]
Tested parameters: [{'max_depth': 8, 'n_estimators': 30}, {'max_depth': 8, 'n_estimators': 40}, {'max_depth': 8, 'n_estimators': 50}, {'max_depth': 8, 'n_estimators': 60}, {'max_depth': 8, 'n_estimators': 70}, {'max_depth': 8, 'n_estimators': 80}, {'max_depth': 8, 'n_estimators': 90}, {'max_depth': 8, 'n_estimators': 100}, {'max_depth': 9, 'n_estimators': 30}, {'max_depth': 9, 'n_estimators': 40}, {'max_depth': 9, 'n_estimators': 50}, {'max_depth': 9, 'n_estimators': 60}, {'max_depth': 9, 'n_estimators': 70}, {'max_depth': 9, 'n_estimators': 80}, {'max_depth': 9, 'n_estimators': 90}, {'max_depth': 9, 'n_estimators': 100}, {'max_depth': 10, 'n_estimators': 30}, {'max_depth': 10, 'n_estimators': 40}, {'max_depth': 10, 'n_estimators': 50}, {'max_depth': 10, 'n_estimators': 60}, {'max_depth': 10, 'n_estimators': 70}, {'max_depth': 10, 'n_estimators': 80}, {'max_depth': 10, 'n_estimators': 90}, {'max_depth': 10, 'n_estimators': 100}, {'max_depth': 11, 'n_estimators': 30}, {'max_depth': 11, 'n_estimators': 40}, {'max_depth': 11, 'n_estimators': 50}, {'max_depth': 11, 'n_estimators': 60}, {'max_depth': 11, 'n_estimators': 70}, {'max_depth': 11, 'n_estimators': 80}, {'max_depth': 11, 'n_estimators': 90}, {'max_depth': 11, 'n_estimators': 100}]
Best Estimator: RandomForestRegressor(bootstrap=True, criterion='mse', max_depth=11,
           max_features='auto', max_leaf_nodes=None,
           min_impurity_decrease=0.0, min_impurity_split=None,
           min_samples_leaf=1, min_samples_split=2,
           min_weight_fraction_leaf=0.0, n_estimators=100, n_jobs=-1,
           oob_score=False, random_state=None, verbose=0, warm_start=False)
Best Parameters: {'max_depth': 11, 'n_estimators': 100}
train error: 94.33
test error with Best Parameters: 121.52
test error without Best Parameters: 131.327
MSE: 122.6024
XGB MSE score: 122.21274670518012
XGBoost without Grid Search train error: 111.321
XGBoost without Grid Search test error: 122.213
Best Estimator: XGBRegressor(base_score=0.5, booster='gbtree', colsample_bylevel=1,
       colsample_bytree=1, gamma=0, learning_rate=0.1, max_delta_step=0,
       max_depth=8, min_child_weight=1, missing=None, n_estimators=100,
       n_jobs=1, nthread=None, objective='reg:linear', random_state=0,
       reg_alpha=0, reg_lambda=1, scale_pos_weight=1, seed=None,
       silent=True, subsample=1)
Best Parameters: {'learning_rate': 0.1, 'max_depth': 8, 'n_estimators': 100}
Best Score: 0.59894293112934
['mean_fit_time', 'mean_score_time', 'mean_test_score', 'mean_train_score', 'param_learning_rate', 'param_max_depth', 'param_n_estimators', 'params', 'rank_test_score', 'split0_test_score', 'split0_train_score', 'split1_test_score', 'split1_train_score', 'split2_test_score', 'split2_train_score', 'std_fit_time', 'std_score_time', 'std_test_score', 'std_train_score']
XGBoost with Grid Search train error: 4.486
XGBoost with Grid Search test error: 4.629
Performance between XGBoost with and without Grid Search: +11758.4%
Traceback (most recent call last):
  File "exploration20180803.py", line 362, in <module>
    y_test=y_test
TypeError: regression_params_opt() got an unexpected keyword argument 'x_train'
