548.124152156
RandomForest feature importance: [  5.17846863e-03   2.29892727e-04   9.88534223e-03   3.89657292e-03
   4.60992058e-03   8.76343878e-03   7.86364644e-01   1.31337268e-02
   1.83005183e-02   7.13026336e-03   3.05267146e-03   4.00986832e-03
   2.47252812e-03   2.16305996e-03   2.23875547e-03   1.47672258e-03
   5.20364469e-03   4.61985788e-04   9.64475196e-05   4.81262119e-03
   0.00000000e+00   4.02521824e-04   0.00000000e+00   6.68164232e-03
   8.67795322e-04   5.79404037e-04   0.00000000e+00   2.40511699e-03
   0.00000000e+00   7.21233278e-04   0.00000000e+00   0.00000000e+00
   0.00000000e+00   0.00000000e+00   1.49441642e-03   2.63920328e-02
   1.44087940e-03   1.58942762e-03   1.28061446e-03   1.43576074e-03
   7.48696892e-04   1.41799407e-03   2.39431760e-04   1.09108766e-04
   1.12932735e-04   4.84575162e-02   2.39528928e-03   2.26588316e-03
   2.50007370e-03   1.29811351e-02]
Traceback (most recent call last):
  File "exploration20180603.py", line 172, in <module>
    score_rf = test_model(rf, X_test, y_test)
  File "exploration20180603.py", line 155, in test_model
    p_test = model.predict_proba(X_test)
AttributeError: 'RandomForestRegressor' object has no attribute 'predict_proba'
